[16:24:48,453][INFO ]- ------------------------Application Start------------------------
[16:24:59,093][INFO ]- >>>>>>>>>>> GetProjectCauses ==========
[16:24:59,121][INFO ]- >>>>>>>>>>> GetProjectCauses ==========
[16:25:01,021][INFO ]- ------ GetProjectCauses Request & Response ------
>>-- Request  ----
{}
<<-- Response ----
 --Code=0 
 --Message=

[16:25:01,079][INFO ]- ------ GetProjectCauses Request & Response ------
>>-- Request  ----
{}
<<-- Response ----
 --Code=0 
 --Message= 
 --Data={}

[16:25:04,731][INFO ]- >>>>>>>>>>> GetProjectCauses ==========
[16:25:04,731][INFO ]- >>>>>>>>>>> GetProjectCauses ==========
[16:25:05,062][INFO ]- ------ GetProjectCauses Request & Response ------
>>-- Request  ----
{}
<<-- Response ----
 --Code=0 
 --Message=

[16:25:05,062][INFO ]- ------ GetProjectCauses Request & Response ------
>>-- Request  ----
{}
<<-- Response ----
 --Code=0 
 --Message= 
 --Data={}

[16:25:10,834][INFO ]- >>>>>>>>>>> GetProjectCauses ==========
[16:25:10,835][INFO ]- >>>>>>>>>>> GetProjectCauses ==========
[16:25:11,114][INFO ]- ------ GetProjectCauses Request & Response ------
>>-- Request  ----
{}
<<-- Response ----
 --Code=0 
 --Message=

[16:25:11,114][INFO ]- ------ GetProjectCauses Request & Response ------
>>-- Request  ----
{}
<<-- Response ----
 --Code=0 
 --Message= 
 --Data={}

[16:25:20,237][INFO ]- >>>>>>>>>>> GetProjectCauses ==========
[16:25:20,237][INFO ]- >>>>>>>>>>> GetProjectCauses ==========
[16:25:20,519][INFO ]- ------ GetProjectCauses Request & Response ------
>>-- Request  ----
{}
<<-- Response ----
 --Code=0 
 --Message=

[16:25:20,519][INFO ]- ------ GetProjectCauses Request & Response ------
>>-- Request  ----
{}
<<-- Response ----
 --Code=0 
 --Message= 
 --Data={}

[16:25:42,334][INFO ]- >>>>>>>>>>> GetProjectCauses ==========
[16:25:42,334][INFO ]- >>>>>>>>>>> GetProjectCauses ==========
[16:25:42,596][INFO ]- ------ GetProjectCauses Request & Response ------
>>-- Request  ----
{}
<<-- Response ----
 --Code=0 
 --Message=

[16:25:42,596][INFO ]- ------ GetProjectCauses Request & Response ------
>>-- Request  ----
{}
<<-- Response ----
 --Code=0 
 --Message= 
 --Data={}

[16:27:23,963][INFO ]- ------------------------Application Start------------------------
[16:27:26,603][INFO ]- >>>>>>>>>>> GetProjectCauses ==========
[16:27:26,616][INFO ]- >>>>>>>>>>> GetProjectCauses ==========
[16:27:28,075][INFO ]- ------ GetProjectCauses Request & Response ------
>>-- Request  ----
{}
<<-- Response ----
 --Code=0 
 --Message=

[16:27:28,121][INFO ]- ------ GetProjectCauses Request & Response ------
>>-- Request  ----
{}
<<-- Response ----
 --Code=0 
 --Message= 
 --Data={}

[16:27:39,881][INFO ]- >>>>>>>>>>> GetProjectCauses ==========
[16:27:39,881][INFO ]- >>>>>>>>>>> GetProjectCauses ==========
[16:27:39,903][INFO ]- ------ GetProjectCauses Request & Response ------
>>-- Request  ----
{}
<<-- Response ----
 --Code=0 
 --Message=

[16:27:39,904][INFO ]- ------ GetProjectCauses Request & Response ------
>>-- Request  ----
{}
<<-- Response ----
 --Code=0 
 --Message= 
 --Data={}

[16:52:04,769][INFO ]- ------------------------Application Start------------------------
[16:52:06,794][INFO ]- >>>>>>>>>>> GetProjectCauses ==========
[16:52:06,816][INFO ]- >>>>>>>>>>> GetProjectCauses ==========
[16:52:09,139][INFO ]- ------ GetProjectCauses Request & Response ------
>>-- Request  ----
{}
<<-- Response ----
 --Code=0 
 --Message=

[16:52:09,245][INFO ]- ------ GetProjectCauses Request & Response ------
>>-- Request  ----
{}
<<-- Response ----
 --Code=0 
 --Message= 
 --Data={}

[16:52:22,042][INFO ]- >>>>>>>>>>> GetProjectCauses ==========
[16:52:22,042][INFO ]- >>>>>>>>>>> GetProjectCauses ==========
[16:52:22,065][INFO ]- ------ GetProjectCauses Request & Response ------
>>-- Request  ----
{}
<<-- Response ----
 --Code=0 
 --Message=

[16:52:22,065][INFO ]- ------ GetProjectCauses Request & Response ------
>>-- Request  ----
{}
<<-- Response ----
 --Code=0 
 --Message= 
 --Data={}

[16:52:27,690][INFO ]- >>>>>>>>>>> GetProjectCauses ==========
[16:52:27,690][INFO ]- >>>>>>>>>>> GetProjectCauses ==========
[16:52:27,691][INFO ]- ------ GetProjectCauses Request & Response ------
>>-- Request  ----
{}
<<-- Response ----
 --Code=0 
 --Message=

[16:52:27,691][INFO ]- ------ GetProjectCauses Request & Response ------
>>-- Request  ----
{}
<<-- Response ----
 --Code=0 
 --Message= 
 --Data={}

[16:52:28,803][INFO ]- >>>>>>>>>>> GetProjectCauses ==========
[16:52:28,803][INFO ]- >>>>>>>>>>> GetProjectCauses ==========
[16:52:28,805][INFO ]- ------ GetProjectCauses Request & Response ------
>>-- Request  ----
{}
<<-- Response ----
 --Code=0 
 --Message=

[16:52:28,805][INFO ]- ------ GetProjectCauses Request & Response ------
>>-- Request  ----
{}
<<-- Response ----
 --Code=0 
 --Message= 
 --Data={}

[16:52:29,542][INFO ]- >>>>>>>>>>> GetProjectCauses ==========
[16:52:29,543][INFO ]- >>>>>>>>>>> GetProjectCauses ==========
[16:52:29,544][INFO ]- ------ GetProjectCauses Request & Response ------
>>-- Request  ----
{}
<<-- Response ----
 --Code=0 
 --Message=

[16:52:29,544][INFO ]- ------ GetProjectCauses Request & Response ------
>>-- Request  ----
{}
<<-- Response ----
 --Code=0 
 --Message= 
 --Data={}

[16:52:30,161][INFO ]- >>>>>>>>>>> GetProjectCauses ==========
[16:52:30,161][INFO ]- >>>>>>>>>>> GetProjectCauses ==========
[16:52:30,162][INFO ]- ------ GetProjectCauses Request & Response ------
>>-- Request  ----
{}
<<-- Response ----
 --Code=0 
 --Message=

[16:52:30,162][INFO ]- ------ GetProjectCauses Request & Response ------
>>-- Request  ----
{}
<<-- Response ----
 --Code=0 
 --Message= 
 --Data={}

[17:30:55,494][INFO ]- ------------------------Application Start------------------------
[17:31:25,582][INFO ]- >>>>>>>>>>> GetAreas ==========
[17:31:25,630][INFO ]- >>>>>>>>>>> GetAreas ==========
[17:32:43,482][INFO ]- ------ GetAreas Request & Response ------
>>-- Request  ----
{"Keys":null,"Name":null,"PageIndex":0,"PageSize":0}
<<-- Response ----
 --Code=0 
 --Message=

[17:32:43,534][INFO ]- ------ GetAreas Request & Response ------
>>-- Request  ----
{"Keys":null,"Name":null,"PageIndex":0,"PageSize":0}
<<-- Response ----
 --Code=0 
 --Message= 
 --Data={}

[17:32:43,717][INFO ]- >>>>>>>>>>> QueryCourt ==========
[17:32:43,721][INFO ]- >>>>>>>>>>> QueryCourt ==========
[17:32:43,806][INFO ]- ------ QueryCourt Request & Response ------
>>-- Request  ----
{"Keys":null,"Province":null,"City":null,"County":null,"Rank":null,"Name":null,"PageIndex":0,"PageSize":0}
<<-- Response ----
 --Code=0 
 --Message=

[17:32:43,811][INFO ]- ------ QueryCourt Request & Response ------
>>-- Request  ----
{"Keys":null,"Province":null,"City":null,"County":null,"Rank":null,"Name":null,"PageIndex":0,"PageSize":0}
<<-- Response ----
 --Code=0 
 --Message= 
 --Data={}

[17:32:43,833][INFO ]- >>>>>>>>>>> GetProjectCauses ==========
[17:32:43,837][INFO ]- >>>>>>>>>>> GetProjectCauses ==========
[17:32:43,887][INFO ]- ------ GetProjectCauses Request & Response ------
>>-- Request  ----
{}
<<-- Response ----
 --Code=0 
 --Message=

[17:32:43,891][INFO ]- ------ GetProjectCauses Request & Response ------
>>-- Request  ----
{}
<<-- Response ----
 --Code=0 
 --Message= 
 --Data={}

[17:32:43,905][INFO ]- >>>>>>>>>>> GetProjectCategories ==========
[17:32:43,909][INFO ]- >>>>>>>>>>> GetProjectCategories ==========
[17:32:44,056][INFO ]- ------ GetProjectCategories Request & Response ------
>>-- Request  ----
{}
<<-- Response ----
 --Code=0 
 --Message=

[17:32:44,060][INFO ]- ------ GetProjectCategories Request & Response ------
>>-- Request  ----
{}
<<-- Response ----
 --Code=0 
 --Message= 
 --Data={}

[17:33:06,754][INFO ]- >>>>>>>>>>> GetAreas ==========
[17:33:06,754][INFO ]- >>>>>>>>>>> GetAreas ==========
[17:33:55,188][INFO ]- >>>>>>>>>>> QueryCourt ==========
[17:33:55,188][INFO ]- >>>>>>>>>>> QueryCourt ==========
[17:33:55,317][INFO ]- ------ QueryCourt Request & Response ------
>>-- Request  ----
{"Keys":null,"Province":null,"City":null,"County":null,"Rank":null,"Name":null,"PageIndex":0,"PageSize":0}
<<-- Response ----
 --Code=0 
 --Message=

[17:33:55,317][INFO ]- ------ QueryCourt Request & Response ------
>>-- Request  ----
{"Keys":null,"Province":null,"City":null,"County":null,"Rank":null,"Name":null,"PageIndex":0,"PageSize":0}
<<-- Response ----
 --Code=0 
 --Message= 
 --Data={}

[17:34:10,622][INFO ]- >>>>>>>>>>> CreateCourt ==========
[17:34:10,687][INFO ]- >>>>>>>>>>> CreateCourt ==========
